::1 - - [27/Mar/2022:23:49:17 +0000] "GET /healthcheck HTTP/1.1" 403 9 "-" "PostmanRuntime/7.29.0"
::1 - - [27/Mar/2022:23:49:46 +0000] "GET /url/api/healthcheck HTTP/1.1" 404 158 "-" "PostmanRuntime/7.29.0"
::1 - - [27/Mar/2022:23:50:45 +0000] "GET //api/url/healthcheck HTTP/1.1" 404 159 "-" "PostmanRuntime/7.29.0"
::1 - - [27/Mar/2022:23:51:01 +0000] "GET /api/url/healthcheck HTTP/1.1" 200 15 "-" "PostmanRuntime/7.29.0"
::1 - - [27/Mar/2022:23:56:15 +0000] "POST /api/url HTTP/1.1" 200 167 "-" "PostmanRuntime/7.29.0"
::1 - - [28/Mar/2022:02:49:41 +0000] "GET /api/url/healthcheck HTTP/1.1" 200 15 "-" "PostmanRuntime/7.29.0"
::1 - - [28/Mar/2022:02:49:52 +0000] "POST /api/url HTTP/1.1" 200 167 "-" "PostmanRuntime/7.29.0"
::1 - - [28/Mar/2022:02:50:00 +0000] "GET /dg3klQa HTTP/1.1" 403 9 "-" "PostmanRuntime/7.29.0"
::1 - - [28/Mar/2022:02:50:09 +0000] "GET /lFpQ1FP HTTP/1.1" 302 89 "-" "PostmanRuntime/7.29.0"
::1 - - [28/Mar/2022:02:50:53 +0000] "GET /lFpQ1FP HTTP/1.1" 302 89 "-" "PostmanRuntime/7.29.0"
::1 - - [28/Mar/2022:02:57:06 +0000] "GET /lFpQ1FP HTTP/1.1" 302 89 "-" "PostmanRuntime/7.29.0"
::1 - - [28/Mar/2022:02:58:44 +0000] "GET /lFpQ1FP HTTP/1.1" 302 89 "-" "PostmanRuntime/7.29.0"
::1 - - [28/Mar/2022:03:03:57 +0000] "GET /lFpQ1FP HTTP/1.1" 302 89 "-" "PostmanRuntime/7.29.0"
::1 - - [28/Mar/2022:03:05:05 +0000] "GET /lFpQ1FP HTTP/1.1" 302 89 "-" "PostmanRuntime/7.29.0"
::1 - - [28/Mar/2022:03:05:35 +0000] "GET /lFpQ1FP HTTP/1.1" 302 89 "-" "PostmanRuntime/7.29.0"
::1 - - [28/Mar/2022:03:06:25 +0000] "POST /api/url/update/status HTTP/1.1" 200 167 "-" "PostmanRuntime/7.29.0"
::1 - - [28/Mar/2022:03:06:32 +0000] "POST /api/url/update/status HTTP/1.1" 200 167 "-" "PostmanRuntime/7.29.0"
::1 - - [28/Mar/2022:03:06:42 +0000] "POST /api/url/update/status HTTP/1.1" 200 167 "-" "PostmanRuntime/7.29.0"
::1 - - [28/Mar/2022:03:07:50 +0000] "POST /api/url/update/status HTTP/1.1" 200 167 "-" "PostmanRuntime/7.29.0"
::1 - - [28/Mar/2022:03:09:47 +0000] "POST /api/url/update/status HTTP/1.1" 200 167 "-" "PostmanRuntime/7.29.0"
::1 - - [28/Mar/2022:03:15:48 +0000] "POST /api/url/update/status HTTP/1.1" 200 167 "-" "PostmanRuntime/7.29.0"
::1 - - [28/Mar/2022:03:18:30 +0000] "POST /api/url/update/status HTTP/1.1" 200 168 "-" "PostmanRuntime/7.29.0"
::1 - - [28/Mar/2022:03:18:39 +0000] "POST /api/url/update/status HTTP/1.1" 200 167 "-" "PostmanRuntime/7.29.0"
::1 - - [28/Mar/2022:03:18:47 +0000] "POST /api/url/update/status HTTP/1.1" 200 168 "-" "PostmanRuntime/7.29.0"
::1 - - [28/Mar/2022:03:18:58 +0000] "GET /lFpQ1FP HTTP/1.1" 403 9 "-" "PostmanRuntime/7.29.0"
::1 - - [28/Mar/2022:03:19:26 +0000] "GET /lFpQ1FP HTTP/1.1" 403 9 "-" "PostmanRuntime/7.29.0"
::1 - - [28/Mar/2022:03:19:57 +0000] "POST /api/url/update/status HTTP/1.1" 200 167 "-" "PostmanRuntime/7.29.0"
::1 - - [28/Mar/2022:03:20:02 +0000] "GET /lFpQ1FP HTTP/1.1" 302 89 "-" "PostmanRuntime/7.29.0"
::1 - - [28/Mar/2022:03:24:11 +0000] "GET /api/url/lFpQ1FP HTTP/1.1" 200 167 "-" "PostmanRuntime/7.29.0"
